<?xml version="1.0" encoding="UTF-8"?>
<!-- Generated by org.testng.reporters.JUnitReportReporter -->
<testsuite hostname="LAPTOP-2FVPBH91" name="july_26th.FirstTestng_Class" tests="3" failures="0" timestamp="27 Jul 2022 10:23:47 GMT" time="5.765" errors="0">
  <testcase name="perBanking" time="2.182" classname="july_26th.FirstTestng_Class"/>
  <testcase name="intBanking" time="1.800" classname="july_26th.FirstTestng_Class"/>
  <testcase name="corBanking" time="1.783" classname="july_26th.FirstTestng_Class"/>
</testsuite> <!-- july_26th.FirstTestng_Class -->
