<?xml version="1.0" encoding="UTF-8"?>
<!-- Generated by org.testng.reporters.JUnitReportReporter -->
<testsuite hostname="LAPTOP-2FVPBH91" name="july_27th.TestngWork_3" tests="2" failures="0" timestamp="27 Jul 2022 10:30:06 GMT" time="9.720" errors="0">
  <testcase name="Division" time="4.857" classname="july_27th.TestngWork_3"/>
  <testcase name="Addition" time="4.863" classname="july_27th.TestngWork_3"/>
</testsuite> <!-- july_27th.TestngWork_3 -->
