<?xml version="1.0" encoding="UTF-8"?>
<!-- Generated by org.testng.reporters.JUnitReportReporter -->
<testsuite hostname="LAPTOP-2FVPBH91" name="july_27th.ParameterForm_practice" tests="1" failures="0" timestamp="28 Jul 2022 06:42:13 GMT" time="7.040" errors="0">
  <testcase name="Validation" time="7.040" classname="july_27th.ParameterForm_practice"/>
</testsuite> <!-- july_27th.ParameterForm_practice -->
