<?xml version="1.0" encoding="UTF-8"?>
<!-- Generated by org.testng.reporters.JUnitReportReporter -->
<testsuite hostname="LAPTOP-2FVPBH91" name="july_27th.TestngWork_4" tests="4" failures="0" timestamp="27 Jul 2022 10:23:47 GMT" time="28.577" errors="0">
  <testcase name="Multiplication" time="7.136" classname="july_27th.TestngWork_4"/>
  <testcase name="Addition" time="7.032" classname="july_27th.TestngWork_4"/>
  <testcase name="Subraction" time="7.211" classname="july_27th.TestngWork_4"/>
  <testcase name="Division" time="7.198" classname="july_27th.TestngWork_4"/>
</testsuite> <!-- july_27th.TestngWork_4 -->
