<?xml version="1.0" encoding="UTF-8"?>
<!-- Generated by org.testng.reporters.JUnitReportReporter -->
<testsuite hostname="LAPTOP-2FVPBH91" name="july28th.AssertPractise_1" tests="1" failures="0" timestamp="28 Jul 2022 07:30:21 GMT" time="9.804" errors="0">
  <testcase name="AssertValidation" time="9.804" classname="july28th.AssertPractise_1"/>
</testsuite> <!-- july28th.AssertPractise_1 -->
