<?xml version="1.0" encoding="UTF-8"?>
<!-- Generated by org.testng.reporters.JUnitReportReporter -->
<testsuite hostname="LAPTOP-2FVPBH91" name="july_26th.TestngWork_1" tests="4" failures="0" timestamp="27 Jul 2022 10:23:47 GMT" time="19.716" errors="0">
  <testcase name="Roles" time="4.131" classname="july_26th.TestngWork_1"/>
  <testcase name="Branches" time="5.022" classname="july_26th.TestngWork_1"/>
  <testcase name="Users" time="4.715" classname="july_26th.TestngWork_1"/>
  <testcase name="employes" time="5.848" classname="july_26th.TestngWork_1"/>
</testsuite> <!-- july_26th.TestngWork_1 -->
